<?xml version="1.0" encoding="UTF-8"?>
<testng-results skipped="0" failed="1" ignored="0" total="6" passed="5">
  <reporter-output>
  </reporter-output>
  <suite name="Suite" duration-ms="16785" started-at="2018-05-12T04:29:38Z" finished-at="2018-05-12T04:29:55Z">
    <groups>
    </groups>
    <test name="Test-IE" duration-ms="15061" started-at="2018-05-12T04:29:38Z" finished-at="2018-05-12T04:29:54Z">
      <class name="com.selenium.grid.ExecuteTestOnAllBrowsers">
        <test-method status="PASS" signature="setUp(java.lang.String)[pri:0, instance:com.selenium.grid.ExecuteTestOnAllBrowsers@91161c7]" name="setUp" is-config="true" duration-ms="5245" started-at="2018-05-12T09:59:38Z" finished-at="2018-05-12T09:59:44Z">
          <params>
            <param index="0">
              <value>
                <![CDATA[IE]]>
              </value>
            </param>
          </params>
          <reporter-output>
          </reporter-output>
        </test-method> <!-- setUp -->
        <test-method status="PASS" signature="testGooglePageTitleInIEBrowser()[pri:0, instance:com.selenium.grid.ExecuteTestOnAllBrowsers@91161c7]" name="testGooglePageTitleInIEBrowser" duration-ms="5569" started-at="2018-05-12T09:59:44Z" finished-at="2018-05-12T09:59:49Z">
          <reporter-output>
          </reporter-output>
        </test-method> <!-- testGooglePageTitleInIEBrowser -->
        <test-method status="PASS" signature="testSearchGoogle()[pri:0, instance:com.selenium.grid.ExecuteTestOnAllBrowsers@91161c7]" name="testSearchGoogle" duration-ms="4203" started-at="2018-05-12T09:59:49Z" finished-at="2018-05-12T09:59:53Z">
          <reporter-output>
          </reporter-output>
        </test-method> <!-- testSearchGoogle -->
        <test-method status="PASS" signature="closeBrowser()[pri:0, instance:com.selenium.grid.ExecuteTestOnAllBrowsers@91161c7]" name="closeBrowser" is-config="true" duration-ms="28" started-at="2018-05-12T09:59:53Z" finished-at="2018-05-12T09:59:54Z">
          <reporter-output>
          </reporter-output>
        </test-method> <!-- closeBrowser -->
      </class> <!-- com.selenium.grid.ExecuteTestOnAllBrowsers -->
    </test> <!-- Test-IE -->
    <test name="Test-Chrome" duration-ms="15631" started-at="2018-05-12T04:29:38Z" finished-at="2018-05-12T04:29:54Z">
      <class name="com.selenium.grid.ExecuteTestOnAllBrowsers">
        <test-method status="PASS" signature="setUp(java.lang.String)[pri:0, instance:com.selenium.grid.ExecuteTestOnAllBrowsers@cc285f4]" name="setUp" is-config="true" duration-ms="6058" started-at="2018-05-12T09:59:38Z" finished-at="2018-05-12T09:59:45Z">
          <params>
            <param index="0">
              <value>
                <![CDATA[chrome]]>
              </value>
            </param>
          </params>
          <reporter-output>
          </reporter-output>
        </test-method> <!-- setUp -->
        <test-method status="PASS" signature="testGooglePageTitleInIEBrowser()[pri:0, instance:com.selenium.grid.ExecuteTestOnAllBrowsers@cc285f4]" name="testGooglePageTitleInIEBrowser" duration-ms="6167" started-at="2018-05-12T09:59:45Z" finished-at="2018-05-12T09:59:51Z">
          <reporter-output>
          </reporter-output>
        </test-method> <!-- testGooglePageTitleInIEBrowser -->
        <test-method status="FAIL" signature="testSearchGoogle()[pri:0, instance:com.selenium.grid.ExecuteTestOnAllBrowsers@cc285f4]" name="testSearchGoogle" duration-ms="3341" started-at="2018-05-12T09:59:51Z" finished-at="2018-05-12T09:59:54Z">
          <exception class="org.openqa.selenium.WebDriverException">
            <message>
              <![CDATA[unknown error: call function result missing 'value'
  (Session info: chrome=66.0.3359.170)
  (Driver info: chromedriver=2.33.506120 (e3e53437346286c0bc2d2dc9aa4915ba81d9023f),platform=Windows NT 10.0.14393 x86_64) (WARNING: The server did not provide any stacktrace information)
Command duration or timeout: 0 milliseconds
Build info: version: '3.11.0', revision: 'e59cfb3', time: '2018-03-11T20:26:55.152Z'
System info: host: 'IN-6620GC2', ip: '10.60.7.224', os.name: 'Windows 10', os.arch: 'amd64', os.version: '10.0', java.version: '1.8.0_151'
Driver info: org.openqa.selenium.remote.RemoteWebDriver
Capabilities {acceptSslCerts: true, applicationCacheEnabled: false, browserConnectionEnabled: false, browserName: chrome, chrome: {chromedriverVersion: 2.33.506120 (e3e53437346286..., userDataDir: C:\Users\ANSHUL~1.CHA\AppDa...}, cssSelectorsEnabled: true, databaseEnabled: false, handlesAlerts: true, hasTouchScreen: false, javascriptEnabled: true, locationContextEnabled: true, mobileEmulationEnabled: false, nativeEvents: true, networkConnectionEnabled: false, pageLoadStrategy: normal, platform: XP, platformName: XP, rotatable: false, setWindowRect: true, takesHeapSnapshot: true, takesScreenshot: true, unexpectedAlertBehaviour: , unhandledPromptBehavior: , version: 66.0.3359.170, webStorageEnabled: true, webdriver.remote.sessionid: 325358f8e9583ac325441474b50...}
Session ID: 325358f8e9583ac325441474b5015777]]>
            </message>
            <full-stacktrace>
              <![CDATA[org.openqa.selenium.WebDriverException: unknown error: call function result missing 'value'
  (Session info: chrome=66.0.3359.170)
  (Driver info: chromedriver=2.33.506120 (e3e53437346286c0bc2d2dc9aa4915ba81d9023f),platform=Windows NT 10.0.14393 x86_64) (WARNING: The server did not provide any stacktrace information)
Command duration or timeout: 0 milliseconds
Build info: version: '3.11.0', revision: 'e59cfb3', time: '2018-03-11T20:26:55.152Z'
System info: host: 'IN-6620GC2', ip: '10.60.7.224', os.name: 'Windows 10', os.arch: 'amd64', os.version: '10.0', java.version: '1.8.0_151'
Driver info: org.openqa.selenium.remote.RemoteWebDriver
Capabilities {acceptSslCerts: true, applicationCacheEnabled: false, browserConnectionEnabled: false, browserName: chrome, chrome: {chromedriverVersion: 2.33.506120 (e3e53437346286..., userDataDir: C:\Users\ANSHUL~1.CHA\AppDa...}, cssSelectorsEnabled: true, databaseEnabled: false, handlesAlerts: true, hasTouchScreen: false, javascriptEnabled: true, locationContextEnabled: true, mobileEmulationEnabled: false, nativeEvents: true, networkConnectionEnabled: false, pageLoadStrategy: normal, platform: XP, platformName: XP, rotatable: false, setWindowRect: true, takesHeapSnapshot: true, takesScreenshot: true, unexpectedAlertBehaviour: , unhandledPromptBehavior: , version: 66.0.3359.170, webStorageEnabled: true, webdriver.remote.sessionid: 325358f8e9583ac325441474b50...}
Session ID: 325358f8e9583ac325441474b5015777
	at sun.reflect.NativeConstructorAccessorImpl.newInstance0(Native Method)
	at sun.reflect.NativeConstructorAccessorImpl.newInstance(NativeConstructorAccessorImpl.java:62)
	at sun.reflect.DelegatingConstructorAccessorImpl.newInstance(DelegatingConstructorAccessorImpl.java:45)
	at java.lang.reflect.Constructor.newInstance(Constructor.java:423)
	at org.openqa.selenium.remote.ErrorHandler.createThrowable(ErrorHandler.java:214)
	at org.openqa.selenium.remote.ErrorHandler.throwIfResponseFailed(ErrorHandler.java:166)
	at org.openqa.selenium.remote.http.JsonHttpResponseCodec.reconstructValue(JsonHttpResponseCodec.java:40)
	at org.openqa.selenium.remote.http.AbstractHttpResponseCodec.decode(AbstractHttpResponseCodec.java:80)
	at org.openqa.selenium.remote.http.AbstractHttpResponseCodec.decode(AbstractHttpResponseCodec.java:44)
	at org.openqa.selenium.remote.HttpCommandExecutor.execute(HttpCommandExecutor.java:158)
	at org.openqa.selenium.remote.RemoteWebDriver.execute(RemoteWebDriver.java:545)
	at org.openqa.selenium.remote.RemoteWebElement.execute(RemoteWebElement.java:279)
	at org.openqa.selenium.remote.RemoteWebElement.sendKeys(RemoteWebElement.java:100)
	at com.selenium.grid.ExecuteTestOnAllBrowsers.testSearchGoogle(ExecuteTestOnAllBrowsers.java:57)
	at sun.reflect.NativeMethodAccessorImpl.invoke0(Native Method)
	at sun.reflect.NativeMethodAccessorImpl.invoke(NativeMethodAccessorImpl.java:62)
	at sun.reflect.DelegatingMethodAccessorImpl.invoke(DelegatingMethodAccessorImpl.java:43)
	at java.lang.reflect.Method.invoke(Method.java:498)
	at org.testng.internal.MethodInvocationHelper.invokeMethod(MethodInvocationHelper.java:108)
	at org.testng.internal.Invoker.invokeMethod(Invoker.java:661)
	at org.testng.internal.Invoker.invokeTestMethod(Invoker.java:869)
	at org.testng.internal.Invoker.invokeTestMethods(Invoker.java:1193)
	at org.testng.internal.TestMethodWorker.invokeTestMethods(TestMethodWorker.java:126)
	at org.testng.internal.TestMethodWorker.run(TestMethodWorker.java:109)
	at org.testng.TestRunner.privateRun(TestRunner.java:744)
	at org.testng.TestRunner.run(TestRunner.java:602)
	at org.testng.SuiteRunner.runTest(SuiteRunner.java:380)
	at org.testng.SuiteRunner.access$000(SuiteRunner.java:39)
	at org.testng.SuiteRunner$SuiteWorker.run(SuiteRunner.java:414)
	at org.testng.internal.thread.ThreadUtil$1.call(ThreadUtil.java:52)
	at java.util.concurrent.FutureTask.run(FutureTask.java:266)
	at java.util.concurrent.ThreadPoolExecutor.runWorker(ThreadPoolExecutor.java:1149)
	at java.util.concurrent.ThreadPoolExecutor$Worker.run(ThreadPoolExecutor.java:624)
	at java.lang.Thread.run(Thread.java:748)
]]>
            </full-stacktrace>
          </exception> <!-- org.openqa.selenium.WebDriverException -->
          <reporter-output>
          </reporter-output>
        </test-method> <!-- testSearchGoogle -->
        <test-method status="PASS" signature="closeBrowser()[pri:0, instance:com.selenium.grid.ExecuteTestOnAllBrowsers@cc285f4]" name="closeBrowser" is-config="true" duration-ms="55" started-at="2018-05-12T09:59:54Z" finished-at="2018-05-12T09:59:54Z">
          <reporter-output>
          </reporter-output>
        </test-method> <!-- closeBrowser -->
      </class> <!-- com.selenium.grid.ExecuteTestOnAllBrowsers -->
    </test> <!-- Test-Chrome -->
    <test name="Test-FF" duration-ms="16785" started-at="2018-05-12T04:29:38Z" finished-at="2018-05-12T04:29:55Z">
      <class name="com.selenium.grid.ExecuteTestOnAllBrowsers">
        <test-method status="PASS" signature="setUp(java.lang.String)[pri:0, instance:com.selenium.grid.ExecuteTestOnAllBrowsers@77caeb3e]" name="setUp" is-config="true" duration-ms="5561" started-at="2018-05-12T09:59:38Z" finished-at="2018-05-12T09:59:44Z">
          <params>
            <param index="0">
              <value>
                <![CDATA[firefox]]>
              </value>
            </param>
          </params>
          <reporter-output>
          </reporter-output>
        </test-method> <!-- setUp -->
        <test-method status="PASS" signature="testGooglePageTitleInIEBrowser()[pri:0, instance:com.selenium.grid.ExecuteTestOnAllBrowsers@77caeb3e]" name="testGooglePageTitleInIEBrowser" duration-ms="7535" started-at="2018-05-12T09:59:44Z" finished-at="2018-05-12T09:59:52Z">
          <reporter-output>
          </reporter-output>
        </test-method> <!-- testGooglePageTitleInIEBrowser -->
        <test-method status="PASS" signature="testSearchGoogle()[pri:0, instance:com.selenium.grid.ExecuteTestOnAllBrowsers@77caeb3e]" name="testSearchGoogle" duration-ms="3455" started-at="2018-05-12T09:59:52Z" finished-at="2018-05-12T09:59:55Z">
          <reporter-output>
          </reporter-output>
        </test-method> <!-- testSearchGoogle -->
        <test-method status="PASS" signature="closeBrowser()[pri:0, instance:com.selenium.grid.ExecuteTestOnAllBrowsers@77caeb3e]" name="closeBrowser" is-config="true" duration-ms="226" started-at="2018-05-12T09:59:55Z" finished-at="2018-05-12T09:59:55Z">
          <reporter-output>
          </reporter-output>
        </test-method> <!-- closeBrowser -->
      </class> <!-- com.selenium.grid.ExecuteTestOnAllBrowsers -->
    </test> <!-- Test-FF -->
  </suite> <!-- Suite -->
</testng-results>
